<?xml version="1.0" encoding="UTF-8"?>
<!-- Generated by org.testng.reporters.JUnitReportReporter -->
<testsuite hostname="NSWSYDNLP228" failures="0" tests="1" name="com.guru99.model.tests.SalesInvoicesTest" time="20.092" errors="0" timestamp="03 May 2019 05:48:50 GMT" skipped="0">
  <testcase classname="com.guru99.model.tests.SalesInvoicesTest" name="verifySortingSalesInvoicesDate" time="20.092"/>
</testsuite> <!-- com.guru99.model.tests.SalesInvoicesTest -->
