<?xml version="1.0" encoding="UTF-8"?>
<!-- Generated by org.testng.reporters.JUnitReportReporter -->
<testsuite hostname="NSWSYDNLP228" failures="0" tests="1" name="com.guru99.model.tests.CatalogTest" time="25.568" errors="0" timestamp="03 May 2019 00:28:01 GMT" skipped="0">
  <testcase classname="com.guru99.model.tests.CatalogTest" name="verifyProductReviewMechanism" time="25.568"/>
</testsuite> <!-- com.guru99.model.tests.CatalogTest -->
